# JRE version: Java(TM) SE Runtime Environment (24.0.1+9) (build 24.0.1+9-30)
# Java VM: Java HotSpot(TM) 64-Bit Server VM (24.0.1+9-30, mixed mode, sharing, tiered, compressed oops, compressed class ptrs, g1 gc, windows-amd64)
GC Precious Log:
 CardTable entry size: 512
 Card Set container configuration: InlinePtr #cards 4 size 8 Array Of Cards #cards 32 size 80 Howl #buckets 8 coarsen threshold 7372 Howl Bitmap #cards 1024 size 144 coarsen threshold 921 Card regions per heap region 1 cards per card region 8192
 CPUs: 4 total, 4 available
 Memory: 12166M
 Large Page Support: Disabled
 NUMA Support: Disabled
 Compressed Oops: Enabled (Zero based)
 Heap Region Size: 4M
 Heap Min Capacity: 8M
 Heap Initial Capacity: 192M
 Heap Max Capacity: 8G
 Pre-touch: Disabled
 Parallel Workers: 4
 Concurrent Workers: 1
 Concurrent Refinement Workers: 4
 Periodic GC: Disabled
Heap:
 garbage-first heap   total reserved 8388608K, committed 1781760K, used 673002K [0x0000000600000000, 0x0000000800000000)
  region size 4096K, 103 young (421888K), 2 survivors (8192K)
 Metaspace       used 157366K, committed 159808K, reserved 1245184K
  class space    used 17602K, committed 18752K, reserved 1048576K
GC Heap History (20 events):
Event: 1263.394 GC heap before
{Heap before GC invocations=96 (full 0):
 garbage-first heap   total reserved 8388608K, committed 1781760K, used 553525K [0x0000000600000000, 0x0000000800000000)
  region size 4096K, 99 young (405504K), 1 survivors (4096K)
 Metaspace       used 148335K, committed 150784K, reserved 1245184K
  class space    used 16667K, committed 17856K, reserved 1048576K
}
Event: 1263.445 GC heap after
{Heap after GC invocations=97 (full 0):
 garbage-first heap   total reserved 8388608K, committed 1781760K, used 178556K [0x0000000600000000, 0x0000000800000000)
  region size 4096K, 10 young (40960K), 10 survivors (40960K)
 Metaspace       used 148335K, committed 150784K, reserved 1245184K
  class space    used 16667K, committed 17856K, reserved 1048576K
}
Event: 1270.036 GC heap before
{Heap before GC invocations=97 (full 0):
 garbage-first heap   total reserved 8388608K, committed 1781760K, used 625020K [0x0000000600000000, 0x0000000800000000)
  region size 4096K, 119 young (487424K), 10 survivors (40960K)
 Metaspace       used 153869K, committed 156352K, reserved 1245184K
  class space    used 17312K, committed 18496K, reserved 1048576K
}
Event: 1270.100 GC heap after
{Heap after GC invocations=98 (full 0):
 garbage-first heap   total reserved 8388608K, committed 1781760K, used 184769K [0x0000000600000000, 0x0000000800000000)
  region size 4096K, 4 young (16384K), 4 survivors (16384K)
 Metaspace       used 153869K, committed 156352K, reserved 1245184K
  class space    used 17312K, committed 18496K, reserved 1048576K
}
Event: 1275.359 GC heap before
{Heap before GC invocations=98 (full 0):
 garbage-first heap   total reserved 8388608K, committed 1781760K, used 754113K [0x0000000600000000, 0x0000000800000000)
  region size 4096K, 144 young (589824K), 4 survivors (16384K)
 Metaspace       used 155468K, committed 157888K, reserved 1245184K
  class space    used 17476K, committed 18624K, reserved 1048576K
}
Event: 1275.405 GC heap after
{Heap after GC invocations=99 (full 0):
 garbage-first heap   total reserved 8388608K, committed 1781760K, used 198582K [0x0000000600000000, 0x0000000800000000)
  region size 4096K, 7 young (28672K), 7 survivors (28672K)
 Metaspace       used 155468K, committed 157888K, reserved 1245184K
  class space    used 17476K, committed 18624K, reserved 1048576K
}
Event: 1280.080 GC heap before
{Heap before GC invocations=99 (full 0):
 garbage-first heap   total reserved 8388608K, committed 1781760K, used 706486K [0x0000000600000000, 0x0000000800000000)
  region size 4096K, 132 young (540672K), 7 survivors (28672K)
 Metaspace       used 155936K, committed 158400K, reserved 1245184K
  class space    used 17503K, committed 18688K, reserved 1048576K
}
Event: 1280.122 GC heap after
{Heap after GC invocations=100 (full 0):
 garbage-first heap   total reserved 8388608K, committed 1781760K, used 198085K [0x0000000600000000, 0x0000000800000000)
  region size 4096K, 7 young (28672K), 7 survivors (28672K)
 Metaspace       used 155936K, committed 158400K, reserved 1245184K
  class space    used 17503K, committed 18688K, reserved 1048576K
}
Event: 1285.544 GC heap before
{Heap before GC invocations=100 (full 0):
 garbage-first heap   total reserved 8388608K, committed 1781760K, used 812485K [0x0000000600000000, 0x0000000800000000)
  region size 4096K, 158 young (647168K), 7 survivors (28672K)
 Metaspace       used 156228K, committed 158656K, reserved 1245184K
  class space    used 17526K, committed 18688K, reserved 1048576K
}
Event: 1285.631 GC heap after
{Heap after GC invocations=101 (full 0):
 garbage-first heap   total reserved 8388608K, committed 1781760K, used 214966K [0x0000000600000000, 0x0000000800000000)
  region size 4096K, 11 young (45056K), 11 survivors (45056K)
 Metaspace       used 156228K, committed 158656K, reserved 1245184K
  class space    used 17526K, committed 18688K, reserved 1048576K
}
Event: 1295.198 GC heap before
{Heap before GC invocations=101 (full 0):
 garbage-first heap   total reserved 8388608K, committed 1781760K, used 808886K [0x0000000600000000, 0x0000000800000000)
  region size 4096K, 156 young (638976K), 11 survivors (45056K)
 Metaspace       used 156323K, committed 158720K, reserved 1245184K
  class space    used 17528K, committed 18688K, reserved 1048576K
}
Event: 1295.262 GC heap after
{Heap after GC invocations=102 (full 0):
 garbage-first heap   total reserved 8388608K, committed 1781760K, used 217242K [0x0000000600000000, 0x0000000800000000)
  region size 4096K, 9 young (36864K), 9 survivors (36864K)
 Metaspace       used 156323K, committed 158720K, reserved 1245184K
  class space    used 17528K, committed 18688K, reserved 1048576K
}
Event: 1303.693 GC heap before
{Heap before GC invocations=102 (full 0):
 garbage-first heap   total reserved 8388608K, committed 1781760K, used 897178K [0x0000000600000000, 0x0000000800000000)
  region size 4096K, 176 young (720896K), 9 survivors (36864K)
 Metaspace       used 156493K, committed 158912K, reserved 1245184K
  class space    used 17537K, committed 18688K, reserved 1048576K
}
Event: 1303.722 GC heap after
{Heap after GC invocations=103 (full 0):
 garbage-first heap   total reserved 8388608K, committed 1781760K, used 204406K [0x0000000600000000, 0x0000000800000000)
  region size 4096K, 6 young (24576K), 6 survivors (24576K)
 Metaspace       used 156493K, committed 158912K, reserved 1245184K
  class space    used 17537K, committed 18688K, reserved 1048576K
}
Event: 1338.356 GC heap before
{Heap before GC invocations=103 (full 0):
 garbage-first heap   total reserved 8388608K, committed 1781760K, used 937590K [0x0000000600000000, 0x0000000800000000)
  region size 4096K, 186 young (761856K), 6 survivors (24576K)
 Metaspace       used 157250K, committed 159680K, reserved 1245184K
  class space    used 17593K, committed 18752K, reserved 1048576K
}
Event: 1338.420 GC heap after
{Heap after GC invocations=104 (full 0):
 garbage-first heap   total reserved 8388608K, committed 1781760K, used 215720K [0x0000000600000000, 0x0000000800000000)
  region size 4096K, 8 young (32768K), 8 survivors (32768K)
 Metaspace       used 157250K, committed 159680K, reserved 1245184K
  class space    used 17593K, committed 18752K, reserved 1048576K
}
Event: 1343.435 GC heap before
{Heap before GC invocations=104 (full 0):
 garbage-first heap   total reserved 8388608K, committed 1781760K, used 944808K [0x0000000600000000, 0x0000000800000000)
  region size 4096K, 187 young (765952K), 8 survivors (32768K)
 Metaspace       used 157289K, committed 159744K, reserved 1245184K
  class space    used 17594K, committed 18752K, reserved 1048576K
}
Event: 1343.554 GC heap after
{Heap after GC invocations=105 (full 0):
 garbage-first heap   total reserved 8388608K, committed 1781760K, used 266722K [0x0000000600000000, 0x0000000800000000)
  region size 4096K, 21 young (86016K), 21 survivors (86016K)
 Metaspace       used 157289K, committed 159744K, reserved 1245184K
  class space    used 17594K, committed 18752K, reserved 1048576K
}
Event: 1348.170 GC heap before
{Heap before GC invocations=105 (full 0):
 garbage-first heap   total reserved 8388608K, committed 1781760K, used 901602K [0x0000000600000000, 0x0000000800000000)
  region size 4096K, 176 young (720896K), 21 survivors (86016K)
 Metaspace       used 157344K, committed 159744K, reserved 1245184K
  class space    used 17602K, committed 18752K, reserved 1048576K
}
Event: 1348.286 GC heap after
{Heap after GC invocations=106 (full 0):
 garbage-first heap   total reserved 8388608K, committed 1781760K, used 263402K [0x0000000600000000, 0x0000000800000000)
  region size 4096K, 2 young (8192K), 2 survivors (8192K)
 Metaspace       used 157344K, committed 159744K, reserved 1245184K
  class space    used 17602K, committed 18752K, reserved 1048576K
}

